<?xml version="1.0" encoding="UTF-8"?>
<!-- Generated by org.testng.reporters.JUnitXMLReporter -->
<testsuite ignored="0" hostname="DESKTOP-PI2NB10" failures="0" tests="2" name="Test" time="24.243" errors="0" timestamp="2023-03-06T20:32:42 IST">
  <testcase classname="test.TestNG2nd" name="@BeforeTest launchBrowser" time="20.063">
    <failure type="org.openqa.selenium.WebDriverException" message="Timed out waiting for driver server to start.
Build info: version: &amp;apos;3.141.59&amp;apos;, revision: &amp;apos;e82be7d358&amp;apos;, time: &amp;apos;2018-11-14T08:17:03&amp;apos;
System info: host: &amp;apos;DESKTOP-PI2NB10&amp;apos;, ip: &amp;apos;192.168.0.100&amp;apos;, os.name: &amp;apos;Windows 10&amp;apos;, os.arch: &amp;apos;amd64&amp;apos;, os.version: &amp;apos;10.0&amp;apos;, java.version: &amp;apos;17.0.6&amp;apos;
Driver info: driver.version: EdgeDriver">
      <![CDATA[org.openqa.selenium.WebDriverException: Timed out waiting for driver server to start.
Build info: version: '3.141.59', revision: 'e82be7d358', time: '2018-11-14T08:17:03'
System info: host: 'DESKTOP-PI2NB10', ip: '192.168.0.100', os.name: 'Windows 10', os.arch: 'amd64', os.version: '10.0', java.version: '17.0.6'
Driver info: driver.version: EdgeDriver
at org.openqa.selenium.remote.service.DriverService.waitUntilAvailable(DriverService.java:202)
at org.openqa.selenium.remote.service.DriverService.start(DriverService.java:188)
at org.openqa.selenium.remote.service.DriverCommandExecutor.execute(DriverCommandExecutor.java:79)
at org.openqa.selenium.remote.RemoteWebDriver.execute(RemoteWebDriver.java:552)
at org.openqa.selenium.remote.RemoteWebDriver.startSession(RemoteWebDriver.java:213)
at org.openqa.selenium.remote.RemoteWebDriver.<init>(RemoteWebDriver.java:131)
at org.openqa.selenium.edge.EdgeDriver.<init>(EdgeDriver.java:141)
at org.openqa.selenium.edge.EdgeDriver.<init>(EdgeDriver.java:96)
at test.TestNG2nd.launchBrowser(TestNG2nd.java:45)
Caused by: org.openqa.selenium.net.UrlChecker$TimeoutException: Timed out waiting for [http://localhost:40463/status] to be available after 20010 ms
at org.openqa.selenium.net.UrlChecker.waitUntilAvailable(UrlChecker.java:100)
at org.openqa.selenium.remote.service.DriverService.waitUntilAvailable(DriverService.java:197)
... 32 more
Caused by: java.util.concurrent.TimeoutException
at java.base/java.util.concurrent.FutureTask.get(FutureTask.java:204)
at com.google.common.util.concurrent.SimpleTimeLimiter.callWithTimeout(SimpleTimeLimiter.java:156)
at org.openqa.selenium.net.UrlChecker.waitUntilAvailable(UrlChecker.java:75)
... 33 more
... Removed 24 stack frames]]>
    </failure>
  </testcase> <!-- @BeforeTest launchBrowser -->
  <testcase classname="test.TestNG2nd" name="@BeforeClass beforeclass" time="-1.678114962144E9">
    <skipped/>
  </testcase> <!-- @BeforeClass beforeclass -->
  <testcase classname="test.TestNG2nd" name="@BeforeMethod beforemethod" time="-1.678114962169E9">
    <skipped/>
  </testcase> <!-- @BeforeMethod beforemethod -->
  <testcase classname="test.TestNG2nd" name="@AfterMethod aftermethod" time="-1.678114962182E9">
    <skipped/>
  </testcase> <!-- @AfterMethod aftermethod -->
  <testcase classname="test.TestNG2nd" name="@AfterClass afterclass" time="-1.678114962187E9">
    <skipped/>
  </testcase> <!-- @AfterClass afterclass -->
  <testcase classname="test.TestNG1st" name="@BeforeClass beforeclass" time="-1.678114962192E9">
    <skipped/>
  </testcase> <!-- @BeforeClass beforeclass -->
  <testcase classname="test.TestNG1st" name="@BeforeMethod beforemethod" time="-1.678114962196E9">
    <skipped/>
  </testcase> <!-- @BeforeMethod beforemethod -->
  <testcase classname="test.TestNG1st" name="@AfterMethod aftermethod" time="-1.678114962206E9">
    <skipped/>
  </testcase> <!-- @AfterMethod aftermethod -->
  <testcase classname="test.TestNG1st" name="@AfterClass afterclass" time="-1.678114962208E9">
    <skipped/>
  </testcase> <!-- @AfterClass afterclass -->
  <testcase classname="test.TestNG1st" name="@AfterTest aftertest" time="-1.678114962209E9">
    <skipped/>
  </testcase> <!-- @AfterTest aftertest -->
  <testcase classname="test.TestNG2nd" name="@AfterTest aftertest" time="-1.67811496221E9">
    <skipped/>
  </testcase> <!-- @AfterTest aftertest -->
  <testcase classname="test.TestNG2nd" name="test" time="0.0">
    <skipped/>
  </testcase> <!-- test -->
  <testcase classname="test.TestNG1st" name="test" time="0.0">
    <skipped/>
  </testcase> <!-- test -->
</testsuite> <!-- Test -->
