<?xml version="1.0" encoding="UTF-8"?>
<!-- Generated by org.testng.reporters.JUnitXMLReporter -->
<testsuite ignored="0" hostname="DESKTOP-PI2NB10" failures="1" tests="2" name="Test1" time="63.247" errors="0" timestamp="2023-03-07T00:04:23 IST">
  <testcase classname="test.TestNG1st" name="@AfterTest aftertest" time="0.002">
    <failure type="java.lang.NullPointerException" message="Cannot invoke &amp;quot;org.openqa.selenium.WebDriver.quit()&amp;quot; because &amp;quot;this.driver&amp;quot; is null">
      <![CDATA[java.lang.NullPointerException: Cannot invoke "org.openqa.selenium.WebDriver.quit()" because "this.driver" is null
at test.TestNG1st.aftertest(TestNG1st.java:92)
at java.base/java.util.concurrent.FutureTask.run(FutureTask.java:264)
at java.base/java.util.concurrent.ThreadPoolExecutor.runWorker(ThreadPoolExecutor.java:1136)
at java.base/java.util.concurrent.ThreadPoolExecutor$Worker.run(ThreadPoolExecutor.java:635)
at java.base/java.lang.Thread.run(Thread.java:833)
... Removed 15 stack frames]]>
    </failure>
  </testcase> <!-- @AfterTest aftertest -->
  <testcase classname="test.TestNG2nd" name="@AfterTest aftertest" time="-1.678127663823E9">
    <skipped/>
  </testcase> <!-- @AfterTest aftertest -->
  <testcase classname="test.TestNG2nd" name="test" time="4.02">
    <failure type="org.testng.internal.thread.ThreadTimeoutException" message="Method test.TestNG2nd.test() didn&amp;apos;t finish within the time-out 4000">
      <![CDATA[org.testng.internal.thread.ThreadTimeoutException: Method test.TestNG2nd.test() didn't finish within the time-out 4000
at java.base/java.util.ArrayList.forEach(ArrayList.java:1511)
at java.base/java.util.concurrent.FutureTask.run(FutureTask.java:264)
at java.base/java.util.concurrent.ThreadPoolExecutor.runWorker(ThreadPoolExecutor.java:1136)
at java.base/java.util.concurrent.ThreadPoolExecutor$Worker.run(ThreadPoolExecutor.java:635)
at java.base/java.lang.Thread.run(Thread.java:833)
... Removed 15 stack frames]]>
    </failure>
  </testcase> <!-- test -->
  <testcase classname="test.TestNG1st" name="test" time="20.27"/>
</testsuite> <!-- Test1 -->
